<?xml version="1.0" encoding="UTF-8"?>
<testng-results total="1" passed="0" failed="0" skipped="1">
  <reporter-output>
  </reporter-output>
  <suite started-at="2021-05-31T23:09:53Z" name="Default suite" finished-at="2021-05-31T23:09:53Z" duration-ms="72">
    <groups>
    </groups>
    <test started-at="2021-05-31T23:09:53Z" name="Default test" finished-at="2021-05-31T23:09:53Z" duration-ms="72">
      <class name="selenium.Assignment7">
        <test-method is-config="true" signature="setUpBrowser()[pri:0, instance:selenium.Assignment7@942a29c]" started-at="2021-05-31T19:09:53Z" name="setUpBrowser" finished-at="2021-05-31T19:09:53Z" duration-ms="0" status="FAIL">
          <exception class="java.lang.NullPointerException">
            <message>
              <![CDATA[Cannot invoke "String.equalsIgnoreCase(String)" because "browserType" is null]]>
            </message>
            <full-stacktrace>
              <![CDATA[java.lang.NullPointerException: Cannot invoke "String.equalsIgnoreCase(String)" because "browserType" is null
	at selenium.BasePageutilities.LaunchBrowser(BasePageutilities.java:30)
	at selenium.BaseTestUtilities.setUpBrowser(BaseTestUtilities.java:23)
	at java.base/jdk.internal.reflect.NativeMethodAccessorImpl.invoke0(Native Method)
	at java.base/jdk.internal.reflect.NativeMethodAccessorImpl.invoke(NativeMethodAccessorImpl.java:64)
	at java.base/jdk.internal.reflect.DelegatingMethodAccessorImpl.invoke(DelegatingMethodAccessorImpl.java:43)
	at java.base/java.lang.reflect.Method.invoke(Method.java:564)
	at org.testng.internal.MethodInvocationHelper.invokeMethod(MethodInvocationHelper.java:84)
	at org.testng.internal.Invoker.invokeConfigurationMethod(Invoker.java:564)
	at org.testng.internal.Invoker.invokeConfigurations(Invoker.java:213)
	at org.testng.internal.Invoker.invokeMethod(Invoker.java:653)
	at org.testng.internal.Invoker.invokeTestMethod(Invoker.java:901)
	at org.testng.internal.Invoker.invokeTestMethods(Invoker.java:1231)
	at org.testng.internal.TestMethodWorker.invokeTestMethods(TestMethodWorker.java:127)
	at org.testng.internal.TestMethodWorker.run(TestMethodWorker.java:111)
	at org.testng.TestRunner.privateRun(TestRunner.java:767)
	at org.testng.TestRunner.run(TestRunner.java:617)
	at org.testng.SuiteRunner.runTest(SuiteRunner.java:334)
	at org.testng.SuiteRunner.runSequentially(SuiteRunner.java:329)
	at org.testng.SuiteRunner.privateRun(SuiteRunner.java:291)
	at org.testng.SuiteRunner.run(SuiteRunner.java:240)
	at org.testng.SuiteRunnerWorker.runSuite(SuiteRunnerWorker.java:52)
	at org.testng.SuiteRunnerWorker.run(SuiteRunnerWorker.java:86)
	at org.testng.TestNG.runSuitesSequentially(TestNG.java:1224)
	at org.testng.TestNG.runSuitesLocally(TestNG.java:1149)
	at org.testng.TestNG.run(TestNG.java:1057)
	at org.testng.remote.AbstractRemoteTestNG.run(AbstractRemoteTestNG.java:115)
	at org.testng.remote.RemoteTestNG.initAndRun(RemoteTestNG.java:251)
	at org.testng.remote.RemoteTestNG.main(RemoteTestNG.java:77)
]]>
            </full-stacktrace>
          </exception> <!-- java.lang.NullPointerException -->
          <reporter-output>
          </reporter-output>
        </test-method> <!-- setUpBrowser -->
        <test-method signature="EmployeeRegistration()[pri:0, instance:selenium.Assignment7@942a29c]" started-at="2021-05-31T19:09:53Z" name="EmployeeRegistration" finished-at="2021-05-31T19:09:53Z" duration-ms="5" status="SKIP">
          <reporter-output>
          </reporter-output>
        </test-method> <!-- EmployeeRegistration -->
        <test-method is-config="true" signature="tearDownBrowser(org.testng.ITestContext)[pri:0, instance:selenium.Assignment7@942a29c]" started-at="2021-05-31T19:09:53Z" name="tearDownBrowser" finished-at="2021-05-31T19:09:53Z" duration-ms="0" status="SKIP">
          <reporter-output>
          </reporter-output>
        </test-method> <!-- tearDownBrowser -->
      </class> <!-- selenium.Assignment7 -->
    </test> <!-- Default test -->
  </suite> <!-- Default suite -->
</testng-results>
